<?xml version="1.0" encoding="UTF-8"?>
<!-- Generated by org.testng.reporters.JUnitXMLReporter -->
<testsuite hostname="users-MacBook-Pro.local" ignored="0" name="App test Cases" tests="7" failures="0" timestamp="13 Mar 2019 17:29:47 GMT" time="57.649" errors="0">
  <testcase name="homePageTitleTest" time="0.014" classname="com.mystore.qa.testcases.ui.HomePageTest"/>
  <testcase name="signInLinkTest" time="2.085" classname="com.mystore.qa.testcases.ui.HomePageTest"/>
  <testcase name="homePageTitleTest" time="0.008" classname="com.mystore.qa.testcases.ui.LoginPageTest"/>
  <testcase name="homePageInvalidSubscriptionTest" time="1.891" classname="com.mystore.qa.testcases.ui.HomePageTest"/>
  <testcase name="homePageFollowUsLabelTest" time="0.042" classname="com.mystore.qa.testcases.ui.HomePageTest"/>
  <testcase name="homePageLogoTest" time="0.044" classname="com.mystore.qa.testcases.ui.HomePageTest"/>
  <testcase name="homePageNewsletterLabelTest" time="0.043" classname="com.mystore.qa.testcases.ui.HomePageTest"/>
</testsuite> <!-- App test Cases -->
