<?xml version="1.0" encoding="UTF-8"?>
<!-- Generated by org.testng.reporters.JUnitXMLReporter -->
<testsuite hostname="users-MacBook-Pro.local" ignored="0" name="Regression" tests="14" failures="0" timestamp="17 Mar 2019 15:53:07 GMT" time="134.393" errors="0">
  <testcase name="homePageTitleTest" time="0.01" classname="com.mystore.qa.testcases.ui.HomePageTest"/>
  <testcase name="signInLinkTest" time="1.965" classname="com.mystore.qa.testcases.ui.HomePageTest"/>
  <testcase name="loginPageTitleTest" time="0.009" classname="com.mystore.qa.testcases.ui.LoginPageTest"/>
  <testcase name="loginWithEmptyEmailFieldTest" time="1.331" classname="com.mystore.qa.testcases.ui.LoginPageTest"/>
  <testcase name="loginWithEmptyPasswordFieldTest" time="1.612" classname="com.mystore.qa.testcases.ui.LoginPageTest"/>
  <testcase name="loginWithInalidEmailTest" time="1.501" classname="com.mystore.qa.testcases.ui.LoginPageTest"/>
  <testcase name="loginWithValidCredentialsTest" time="4.603" classname="com.mystore.qa.testcases.ui.LoginPageTest"/>
  <testcase name="accountPageTitleTest" time="0.006" classname="com.mystore.qa.testcases.ui.AccountPageTest"/>
  <testcase name="homePageInvalidSubscriptionTest" time="3.246" classname="com.mystore.qa.testcases.ui.HomePageTest"/>
  <testcase name="homePageValidSubscriptionTest" time="2.044" classname="com.mystore.qa.testcases.ui.HomePageTest"/>
  <testcase name="tshirtsLinkTest" time="3.396" classname="com.mystore.qa.testcases.ui.AccountPageTest"/>
  <testcase name="homePageFollowUsLabelTest" time="0.039" classname="com.mystore.qa.testcases.ui.HomePageTest"/>
  <testcase name="homePageLogoTest" time="0.043" classname="com.mystore.qa.testcases.ui.HomePageTest"/>
  <testcase name="homePageNewsletterLabelTest" time="0.04" classname="com.mystore.qa.testcases.ui.HomePageTest"/>
</testsuite> <!-- Regression -->
